<?xml version="1.0" encoding="UTF-8"?>
<!-- Generated by org.testng.reporters.JUnitXMLReporter -->
<testsuite hostname="DESKTOP-BH9RO97" ignored="0" name="Default test" tests="3" failures="0" timestamp="2022-08-19T16:03:36 IST" time="0.132" errors="0">
  <testcase name="loginActiTime" time="0.026" classname="testngpack.ActiTimeTest"/>
  <testcase name="createUserActiTime" time="0.002" classname="testngpack.ActiTimeTest"/>
  <testcase name="logoutActiTime" time="0.002" classname="testngpack.ActiTimeTest"/>
</testsuite> <!-- Default test -->
