<?xml version="1.0" encoding="UTF-8"?>
<!-- Generated by org.testng.reporters.JUnitXMLReporter -->
<testsuite hostname="DESKTOP-BH9RO97" ignored="0" name="Test" tests="3" failures="1" timestamp="2022-08-19T15:00:42 IST" time="0.159" errors="0">
  <testcase name="method3" time="0.023" classname="testngpack.Sumo"/>
  <testcase name="method2" time="0.003" classname="testngpack.Remo">
    <failure type="java.lang.ArithmeticException" message="/ by zero">
      <![CDATA[java.lang.ArithmeticException: / by zero
at testngpack.Remo.method2(Remo.java:10)
at java.util.ArrayList.forEach(Unknown Source)
... Removed 27 stack frames]]>
    </failure>
  </testcase> <!-- method2 -->
  <testcase name="method1" time="0.002" classname="testngpack.Demo"/>
</testsuite> <!-- Test -->
